# JRE version: OpenJDK Runtime Environment (8.0_171-b11) (build 1.8.0_171-8u171-b11-0ubuntu0.17.10.1-b11)
# Java VM: OpenJDK 64-Bit Server VM (25.171-b11 mixed mode linux-amd64 compressed oops)
Heap:
 PSYoungGen      total 137728K, used 3128K [0x00000000eb700000, 0x00000000f4900000, 0x0000000100000000)
  eden space 126464K, 0% used [0x00000000eb700000,0x00000000eb700000,0x00000000f3280000)
  from space 11264K, 27% used [0x00000000f3280000,0x00000000f358e0f8,0x00000000f3d80000)
  to   space 10752K, 0% used [0x00000000f3d80000,0x00000000f3d80000,0x00000000f4800000)
 ParOldGen       total 45056K, used 16661K [0x00000000c2400000, 0x00000000c5000000, 0x00000000eb700000)
  object space 45056K, 36% used [0x00000000c2400000,0x00000000c34457d0,0x00000000c5000000)
 Metaspace       used 21944K, capacity 22508K, committed 22704K, reserved 1069056K
  class space    used 2545K, capacity 2711K, committed 2816K, reserved 1048576K
GC Heap History (10 events):
Event: 5.112 GC heap after
Heap after GC invocations=5 (full 0):
 PSYoungGen      total 34304K, used 2531K [0x00000000eb700000, 0x00000000f0300000, 0x0000000100000000)
  eden space 31744K, 0% used [0x00000000eb700000,0x00000000eb700000,0x00000000ed600000)
  from space 2560K, 98% used [0x00000000ed600000,0x00000000ed878c68,0x00000000ed880000)
  to   space 7168K, 0% used [0x00000000efc00000,0x00000000efc00000,0x00000000f0300000)
 ParOldGen       total 42496K, used 7801K [0x00000000c2400000, 0x00000000c4d80000, 0x00000000eb700000)
  object space 42496K, 18% used [0x00000000c2400000,0x00000000c2b9e460,0x00000000c4d80000)
 Metaspace       used 14588K, capacity 14862K, committed 14976K, reserved 1062912K
  class space    used 1755K, capacity 1873K, committed 1920K, reserved 1048576K
}
Event: 7.179 GC heap before
{Heap before GC invocations=6 (full 0):
 PSYoungGen      total 34304K, used 34275K [0x00000000eb700000, 0x00000000f0300000, 0x0000000100000000)
  eden space 31744K, 100% used [0x00000000eb700000,0x00000000ed600000,0x00000000ed600000)
  from space 2560K, 98% used [0x00000000ed600000,0x00000000ed878c68,0x00000000ed880000)
  to   space 7168K, 0% used [0x00000000efc00000,0x00000000efc00000,0x00000000f0300000)
 ParOldGen       total 42496K, used 7801K [0x00000000c2400000, 0x00000000c4d80000, 0x00000000eb700000)
  object space 42496K, 18% used [0x00000000c2400000,0x00000000c2b9e460,0x00000000c4d80000)
 Metaspace       used 15446K, capacity 15736K, committed 15872K, reserved 1062912K
  class space    used 1841K, capacity 1948K, committed 2048K, reserved 1048576K
Event: 7.198 GC heap after
Heap after GC invocations=6 (full 0):
 PSYoungGen      total 70656K, used 4860K [0x00000000eb700000, 0x00000000f0300000, 0x0000000100000000)
  eden space 63488K, 0% used [0x00000000eb700000,0x00000000eb700000,0x00000000ef500000)
  from space 7168K, 67% used [0x00000000efc00000,0x00000000f00bf3b0,0x00000000f0300000)
  to   space 7168K, 0% used [0x00000000ef500000,0x00000000ef500000,0x00000000efc00000)
 ParOldGen       total 42496K, used 7809K [0x00000000c2400000, 0x00000000c4d80000, 0x00000000eb700000)
  object space 42496K, 18% used [0x00000000c2400000,0x00000000c2ba0460,0x00000000c4d80000)
 Metaspace       used 15446K, capacity 15736K, committed 15872K, reserved 1062912K
  class space    used 1841K, capacity 1948K, committed 2048K, reserved 1048576K
}
Event: 10.935 GC heap before
{Heap before GC invocations=7 (full 0):
 PSYoungGen      total 70656K, used 68348K [0x00000000eb700000, 0x00000000f0300000, 0x0000000100000000)
  eden space 63488K, 100% used [0x00000000eb700000,0x00000000ef500000,0x00000000ef500000)
  from space 7168K, 67% used [0x00000000efc00000,0x00000000f00bf3b0,0x00000000f0300000)
  to   space 7168K, 0% used [0x00000000ef500000,0x00000000ef500000,0x00000000efc00000)
 ParOldGen       total 42496K, used 7809K [0x00000000c2400000, 0x00000000c4d80000, 0x00000000eb700000)
  object space 42496K, 18% used [0x00000000c2400000,0x00000000c2ba0460,0x00000000c4d80000)
 Metaspace       used 20221K, capacity 20692K, committed 20864K, reserved 1067008K
  class space    used 2420K, capacity 2580K, committed 2688K, reserved 1048576K
Event: 10.961 GC heap after
Heap after GC invocations=7 (full 0):
 PSYoungGen      total 70656K, used 7155K [0x00000000eb700000, 0x00000000f4800000, 0x0000000100000000)
  eden space 63488K, 0% used [0x00000000eb700000,0x00000000eb700000,0x00000000ef500000)
  from space 7168K, 99% used [0x00000000ef500000,0x00000000efbfcc38,0x00000000efc00000)
  to   space 10752K, 0% used [0x00000000f3d80000,0x00000000f3d80000,0x00000000f4800000)
 ParOldGen       total 42496K, used 13301K [0x00000000c2400000, 0x00000000c4d80000, 0x00000000eb700000)
  object space 42496K, 31% used [0x00000000c2400000,0x00000000c30fd6f0,0x00000000c4d80000)
 Metaspace       used 20221K, capacity 20692K, committed 20864K, reserved 1067008K
  class space    used 2420K, capacity 2580K, committed 2688K, reserved 1048576K
}
Event: 11.300 GC heap before
{Heap before GC invocations=8 (full 0):
 PSYoungGen      total 70656K, used 17340K [0x00000000eb700000, 0x00000000f4800000, 0x0000000100000000)
  eden space 63488K, 16% used [0x00000000eb700000,0x00000000ec0f24b8,0x00000000ef500000)
  from space 7168K, 99% used [0x00000000ef500000,0x00000000efbfcc38,0x00000000efc00000)
  to   space 10752K, 0% used [0x00000000f3d80000,0x00000000f3d80000,0x00000000f4800000)
 ParOldGen       total 42496K, used 13301K [0x00000000c2400000, 0x00000000c4d80000, 0x00000000eb700000)
  object space 42496K, 31% used [0x00000000c2400000,0x00000000c30fd6f0,0x00000000c4d80000)
 Metaspace       used 20724K, capacity 21172K, committed 21296K, reserved 1069056K
  class space    used 2471K, capacity 2612K, committed 2688K, reserved 1048576K
Event: 11.314 GC heap after
Heap after GC invocations=8 (full 0):
 PSYoungGen      total 137216K, used 7532K [0x00000000eb700000, 0x00000000f4900000, 0x0000000100000000)
  eden space 126464K, 0% used [0x00000000eb700000,0x00000000eb700000,0x00000000f3280000)
  from space 10752K, 70% used [0x00000000f3d80000,0x00000000f44db270,0x00000000f4800000)
  to   space 11264K, 0% used [0x00000000f3280000,0x00000000f3280000,0x00000000f3d80000)
 ParOldGen       total 42496K, used 13749K [0x00000000c2400000, 0x00000000c4d80000, 0x00000000eb700000)
  object space 42496K, 32% used [0x00000000c2400000,0x00000000c316d6f0,0x00000000c4d80000)
 Metaspace       used 20724K, capacity 21172K, committed 21296K, reserved 1069056K
  class space    used 2471K, capacity 2612K, committed 2688K, reserved 1048576K
}
Event: 11.314 GC heap before
{Heap before GC invocations=9 (full 1):
 PSYoungGen      total 137216K, used 7532K [0x00000000eb700000, 0x00000000f4900000, 0x0000000100000000)
  eden space 126464K, 0% used [0x00000000eb700000,0x00000000eb700000,0x00000000f3280000)
  from space 10752K, 70% used [0x00000000f3d80000,0x00000000f44db270,0x00000000f4800000)
  to   space 11264K, 0% used [0x00000000f3280000,0x00000000f3280000,0x00000000f3d80000)
 ParOldGen       total 42496K, used 13749K [0x00000000c2400000, 0x00000000c4d80000, 0x00000000eb700000)
  object space 42496K, 32% used [0x00000000c2400000,0x00000000c316d6f0,0x00000000c4d80000)
 Metaspace       used 20724K, capacity 21172K, committed 21296K, reserved 1069056K
  class space    used 2471K, capacity 2612K, committed 2688K, reserved 1048576K
Event: 11.447 GC heap after
Heap after GC invocations=9 (full 1):
 PSYoungGen      total 137216K, used 0K [0x00000000eb700000, 0x00000000f4900000, 0x0000000100000000)
  eden space 126464K, 0% used [0x00000000eb700000,0x00000000eb700000,0x00000000f3280000)
  from space 10752K, 0% used [0x00000000f3d80000,0x00000000f3d80000,0x00000000f4800000)
  to   space 11264K, 0% used [0x00000000f3280000,0x00000000f3280000,0x00000000f3d80000)
 ParOldGen       total 45056K, used 16653K [0x00000000c2400000, 0x00000000c5000000, 0x00000000eb700000)
  object space 45056K, 36% used [0x00000000c2400000,0x00000000c34437d0,0x00000000c5000000)
 Metaspace       used 20724K, capacity 21172K, committed 21296K, reserved 1069056K
  class space    used 2471K, capacity 2612K, committed 2688K, reserved 1048576K
}
Event: 30.079 GC heap before
{Heap before GC invocations=10 (full 1):
 PSYoungGen      total 137216K, used 126464K [0x00000000eb700000, 0x00000000f4900000, 0x0000000100000000)
  eden space 126464K, 100% used [0x00000000eb700000,0x00000000f3280000,0x00000000f3280000)
  from space 10752K, 0% used [0x00000000f3d80000,0x00000000f3d80000,0x00000000f4800000)
  to   space 11264K, 0% used [0x00000000f3280000,0x00000000f3280000,0x00000000f3d80000)
 ParOldGen       total 45056K, used 16653K [0x00000000c2400000, 0x00000000c5000000, 0x00000000eb700000)
  object space 45056K, 36% used [0x00000000c2400000,0x00000000c34437d0,0x00000000c5000000)
 Metaspace       used 21944K, capacity 22508K, committed 22704K, reserved 1069056K
  class space    used 2545K, capacity 2711K, committed 2816K, reserved 1048576K

