# JRE version: OpenJDK Runtime Environment (8.0_171-b11) (build 1.8.0_171-8u171-b11-0ubuntu0.17.10.1-b11)
# Java VM: OpenJDK 64-Bit Server VM (25.171-b11 mixed mode linux-amd64 compressed oops)
Heap:
 PSYoungGen      total 133632K, used 8407K [0x00000000eb700000, 0x00000000f4480000, 0x0000000100000000)
  eden space 122880K, 0% used [0x00000000eb700000,0x00000000eb700000,0x00000000f2f00000)
  from space 10752K, 78% used [0x00000000f3a00000,0x00000000f4235e20,0x00000000f4480000)
  to   space 9728K, 0% used [0x00000000f2f00000,0x00000000f2f00000,0x00000000f3880000)
 ParOldGen       total 38912K, used 11987K [0x00000000c2400000, 0x00000000c4a00000, 0x00000000eb700000)
  object space 38912K, 30% used [0x00000000c2400000,0x00000000c2fb4d38,0x00000000c4a00000)
 Metaspace       used 27172K, capacity 27842K, committed 28160K, reserved 1075200K
  class space    used 3067K, capacity 3282K, committed 3328K, reserved 1048576K
GC Heap History (10 events):
Event: 11.689 GC heap after
Heap after GC invocations=6 (full 0):
 PSYoungGen      total 69632K, used 6319K [0x00000000eb700000, 0x00000000f0500000, 0x0000000100000000)
  eden space 62464K, 0% used [0x00000000eb700000,0x00000000eb700000,0x00000000ef400000)
  from space 7168K, 88% used [0x00000000efc00000,0x00000000f022be80,0x00000000f0300000)
  to   space 8192K, 0% used [0x00000000ef400000,0x00000000ef400000,0x00000000efc00000)
 ParOldGen       total 42496K, used 8370K [0x00000000c2400000, 0x00000000c4d80000, 0x00000000eb700000)
  object space 42496K, 19% used [0x00000000c2400000,0x00000000c2c2caf8,0x00000000c4d80000)
 Metaspace       used 19770K, capacity 20132K, committed 20480K, reserved 1067008K
  class space    used 2301K, capacity 2444K, committed 2560K, reserved 1048576K
}
Event: 18.047 GC heap before
{Heap before GC invocations=7 (full 0):
 PSYoungGen      total 69632K, used 40053K [0x00000000eb700000, 0x00000000f0500000, 0x0000000100000000)
  eden space 62464K, 54% used [0x00000000eb700000,0x00000000ed7f1690,0x00000000ef400000)
  from space 7168K, 88% used [0x00000000efc00000,0x00000000f022be80,0x00000000f0300000)
  to   space 8192K, 0% used [0x00000000ef400000,0x00000000ef400000,0x00000000efc00000)
 ParOldGen       total 42496K, used 8370K [0x00000000c2400000, 0x00000000c4d80000, 0x00000000eb700000)
  object space 42496K, 19% used [0x00000000c2400000,0x00000000c2c2caf8,0x00000000c4d80000)
 Metaspace       used 20648K, capacity 21114K, committed 21248K, reserved 1069056K
  class space    used 2389K, capacity 2557K, committed 2560K, reserved 1048576K
Event: 18.076 GC heap after
Heap after GC invocations=7 (full 0):
 PSYoungGen      total 70656K, used 6878K [0x00000000eb700000, 0x00000000f4200000, 0x0000000100000000)
  eden space 62464K, 0% used [0x00000000eb700000,0x00000000eb700000,0x00000000ef400000)
  from space 8192K, 83% used [0x00000000ef400000,0x00000000efab7b80,0x00000000efc00000)
  to   space 8704K, 0% used [0x00000000f3980000,0x00000000f3980000,0x00000000f4200000)
 ParOldGen       total 42496K, used 8890K [0x00000000c2400000, 0x00000000c4d80000, 0x00000000eb700000)
  object space 42496K, 20% used [0x00000000c2400000,0x00000000c2caeb48,0x00000000c4d80000)
 Metaspace       used 20648K, capacity 21114K, committed 21248K, reserved 1069056K
  class space    used 2389K, capacity 2557K, committed 2560K, reserved 1048576K
}
Event: 18.076 GC heap before
{Heap before GC invocations=8 (full 1):
 PSYoungGen      total 70656K, used 6878K [0x00000000eb700000, 0x00000000f4200000, 0x0000000100000000)
  eden space 62464K, 0% used [0x00000000eb700000,0x00000000eb700000,0x00000000ef400000)
  from space 8192K, 83% used [0x00000000ef400000,0x00000000efab7b80,0x00000000efc00000)
  to   space 8704K, 0% used [0x00000000f3980000,0x00000000f3980000,0x00000000f4200000)
 ParOldGen       total 42496K, used 8890K [0x00000000c2400000, 0x00000000c4d80000, 0x00000000eb700000)
  object space 42496K, 20% used [0x00000000c2400000,0x00000000c2caeb48,0x00000000c4d80000)
 Metaspace       used 20648K, capacity 21114K, committed 21248K, reserved 1069056K
  class space    used 2389K, capacity 2557K, committed 2560K, reserved 1048576K
Event: 18.228 GC heap after
Heap after GC invocations=8 (full 1):
 PSYoungGen      total 70656K, used 0K [0x00000000eb700000, 0x00000000f4200000, 0x0000000100000000)
  eden space 62464K, 0% used [0x00000000eb700000,0x00000000eb700000,0x00000000ef400000)
  from space 8192K, 0% used [0x00000000ef400000,0x00000000ef400000,0x00000000efc00000)
  to   space 8704K, 0% used [0x00000000f3980000,0x00000000f3980000,0x00000000f4200000)
 ParOldGen       total 38912K, used 11963K [0x00000000c2400000, 0x00000000c4a00000, 0x00000000eb700000)
  object space 38912K, 30% used [0x00000000c2400000,0x00000000c2faed38,0x00000000c4a00000)
 Metaspace       used 20648K, capacity 21114K, committed 21248K, reserved 1069056K
  class space    used 2389K, capacity 2557K, committed 2560K, reserved 1048576K
}
Event: 22.712 GC heap before
{Heap before GC invocations=9 (full 1):
 PSYoungGen      total 70656K, used 62464K [0x00000000eb700000, 0x00000000f4200000, 0x0000000100000000)
  eden space 62464K, 100% used [0x00000000eb700000,0x00000000ef400000,0x00000000ef400000)
  from space 8192K, 0% used [0x00000000ef400000,0x00000000ef400000,0x00000000efc00000)
  to   space 8704K, 0% used [0x00000000f3980000,0x00000000f3980000,0x00000000f4200000)
 ParOldGen       total 38912K, used 11963K [0x00000000c2400000, 0x00000000c4a00000, 0x00000000eb700000)
  object space 38912K, 30% used [0x00000000c2400000,0x00000000c2faed38,0x00000000c4a00000)
 Metaspace       used 25354K, capacity 25886K, committed 26240K, reserved 1073152K
  class space    used 2959K, capacity 3149K, committed 3200K, reserved 1048576K
Event: 22.726 GC heap after
Heap after GC invocations=9 (full 1):
 PSYoungGen      total 104960K, used 8572K [0x00000000eb700000, 0x00000000f4200000, 0x0000000100000000)
  eden space 96256K, 0% used [0x00000000eb700000,0x00000000eb700000,0x00000000f1500000)
  from space 8704K, 98% used [0x00000000f3980000,0x00000000f41df320,0x00000000f4200000)
  to   space 9728K, 0% used [0x00000000f2f00000,0x00000000f2f00000,0x00000000f3880000)
 ParOldGen       total 38912K, used 11971K [0x00000000c2400000, 0x00000000c4a00000, 0x00000000eb700000)
  object space 38912K, 30% used [0x00000000c2400000,0x00000000c2fb0d38,0x00000000c4a00000)
 Metaspace       used 25354K, capacity 25886K, committed 26240K, reserved 1073152K
  class space    used 2959K, capacity 3149K, committed 3200K, reserved 1048576K
}
Event: 42.612 GC heap before
{Heap before GC invocations=10 (full 1):
 PSYoungGen      total 104960K, used 104736K [0x00000000eb700000, 0x00000000f4200000, 0x0000000100000000)
  eden space 96256K, 99% used [0x00000000eb700000,0x00000000f14e9078,0x00000000f1500000)
  from space 8704K, 98% used [0x00000000f3980000,0x00000000f41df320,0x00000000f4200000)
  to   space 9728K, 0% used [0x00000000f2f00000,0x00000000f2f00000,0x00000000f3880000)
 ParOldGen       total 38912K, used 11971K [0x00000000c2400000, 0x00000000c4a00000, 0x00000000eb700000)
  object space 38912K, 30% used [0x00000000c2400000,0x00000000c2fb0d38,0x00000000c4a00000)
 Metaspace       used 26649K, capacity 27266K, committed 27392K, reserved 1073152K
  class space    used 3065K, capacity 3282K, committed 3328K, reserved 1048576K
Event: 42.641 GC heap after
Heap after GC invocations=10 (full 1):
 PSYoungGen      total 132608K, used 8847K [0x00000000eb700000, 0x00000000f4480000, 0x0000000100000000)
  eden space 122880K, 0% used [0x00000000eb700000,0x00000000eb700000,0x00000000f2f00000)
  from space 9728K, 90% used [0x00000000f2f00000,0x00000000f37a3ef8,0x00000000f3880000)
  to   space 10752K, 0% used [0x00000000f3a00000,0x00000000f3a00000,0x00000000f4480000)
 ParOldGen       total 38912K, used 11979K [0x00000000c2400000, 0x00000000c4a00000, 0x00000000eb700000)
  object space 38912K, 30% used [0x00000000c2400000,0x00000000c2fb2d38,0x00000000c4a00000)
 Metaspace       used 26649K, capacity 27266K, committed 27392K, reserved 1073152K
  class space    used 3065K, capacity 3282K, committed 3328K, reserved 1048576K
}
Event: 57.965 GC heap before
{Heap before GC invocations=11 (full 1):
 PSYoungGen      total 132608K, used 131727K [0x00000000eb700000, 0x00000000f4480000, 0x0000000100000000)
  eden space 122880K, 100% used [0x00000000eb700000,0x00000000f2f00000,0x00000000f2f00000)
  from space 9728K, 90% used [0x00000000f2f00000,0x00000000f37a3ef8,0x00000000f3880000)
  to   space 10752K, 0% used [0x00000000f3a00000,0x00000000f3a00000,0x00000000f4480000)
 ParOldGen       total 38912K, used 11979K [0x00000000c2400000, 0x00000000c4a00000, 0x00000000eb700000)
  object space 38912K, 30% used [0x00000000c2400000,0x00000000c2fb2d38,0x00000000c4a00000)
 Metaspace       used 27172K, capacity 27842K, committed 28160K, reserved 1075200K
  class space    used 3067K, capacity 3282K, committed 3328K, reserved 1048576K

